<?xml version="1.0" encoding="UTF-8"?>
<!-- Generated by org.testng.reporters.JUnitReportReporter -->
<testsuite skipped="0" hostname="Venkatesh-Accounts" name="clubfactory.Medicaltask" tests="1" failures="0" timestamp="04 May 2021 07:22:49 GMT" time="47.521" errors="0">
  <testcase name="browserlaunch" time="47.521" classname="clubfactory.Medicaltask"/>
</testsuite> <!-- clubfactory.Medicaltask -->
