<?xml version="1.0" encoding="UTF-8"?>
<!-- Generated by org.testng.reporters.JUnitReportReporter -->
<testsuite skipped="0" hostname="Venkatesh-Accounts" name="clubfactory.Yatrabustask" tests="3" failures="0" timestamp="04 May 2021 07:28:59 GMT" time="35.075" errors="0">
  <testcase name="browserlaunch" time="5.857" classname="clubfactory.Yatrabustask"/>
  <testcase name="search" time="28.146" classname="clubfactory.Yatrabustask"/>
  <testcase name="nameslist" time="1.072" classname="clubfactory.Yatrabustask"/>
</testsuite> <!-- clubfactory.Yatrabustask -->
